68 99
0 5
1 3
1 8
1 9
2 5
4 8
5 6
5 7
5 8
5 29
10 25
11 27
12 27
13 28
14 24
15 21
15 29
16 20
17 20
18 25
19 20
20 25
22 27
23 28
24 29
25 27
25 29
25 37
25 45
26 29
28 29
30 32
30 33
30 38
30 44
30 45
30 55
30 73
31 44
32 34
32 42
35 44
36 45
39 44
39 49
40 44
41 46
41 47
41 75
42 43
45 48
50 77
51 53
52 98
53 57
53 75
53 78
54 57
56 65
56 74
57 69
57 72
58 68
59 63
60 77
61 75
62 73
63 70
63 73
63 79
64 77
65 73
65 75
65 98
66 84
67 75
68 95
71 73
75 76
77 82
77 91
80 90
81 90
82 85
82 88
82 89
82 93
83 90
84 89
84 95
86 90
87 90
89 90
89 94
89 97
90 92
90 96
90 98
90 99
93 99
0 10
1 7
2 10
3 10
4 7
5 10
6 10
7 10
7 20
7 28
7 30
7 31
7 40
7 43
7 46
7 47
7 49
7 53
7 56
7 63
7 67
7 69
7 72
7 75
7 78
7 82
7 83
8 10
9 10
9 50
9 64
9 68
9 71
9 76
9 86
9 88
9 94
9 99
10 11
10 12
10 13
10 14
10 15
10 16
10 17
10 18
10 19
10 21
10 22
10 23
10 24
10 25
10 26
10 27
10 29
10 32
10 33
10 34
10 35
10 36
10 37
10 38
10 39
10 41
10 42
10 44
10 45
10 48
10 51
10 52
10 55
10 57
10 58
10 59
10 60
10 61
10 62
10 65
10 66
10 70
10 74
10 77
10 79
10 80
10 81
10 85
10 87
10 89
10 93
10 97
17 54
17 90
20 73
20 92
20 96
20 98
68 95
80 84
80 91
87 99
0 1
0 2
0 3
0 4
0 5
0 6
0 7
0 8
0 9
0 12
0 13
0 14
0 15
0 16
0 18
0 23
0 29
0 30
0 35
0 47
0 52
0 53
0 56
0 57
0 59
0 61
0 62
0 65
0 75
0 76
0 82
0 84
0 88
0 91
0 93
6 22
6 25
6 85
6 92
7 79
7 86
8 37
8 72
8 78
9 10
9 20
9 26
9 32
9 40
9 44
9 48
9 49
9 50
9 51
9 54
9 58
9 69
9 70
9 71
9 80
9 83
11 32
13 17
13 31
13 39
13 42
13 55
13 77
13 87
13 89
19 33
21 30
24 32
27 33
28 30
29 43
29 73
30 66
30 90
30 96
32 33
32 36
32 45
32 46
32 60
32 94
32 97
32 98
33 34
33 63
33 67
33 99
36 38
36 64
41 62
49 68
49 74
49 81
49 95
91 99
0 1
0 2
0 3
0 4
0 5
0 8
0 15
0 19
0 21
0 22
0 25
0 28
0 32
0 33
0 34
0 40
0 42
0 49
0 64
0 86
0 90
0 95
0 96
0 97
0 98
0 99
1 6
1 45
1 48
1 50
1 54
1 58
1 87
7 68
9 23
10 15
11 15
12 15
13 15
14 15
15 16
15 17
15 18
15 20
15 23
15 27
15 29
15 39
15 41
15 43
15 44
15 53
15 57
15 81
23 35
24 81
26 96
30 81
31 99
36 81
37 96
38 81
46 81
47 68
51 68
52 64
55 81
56 68
59 64
60 64
61 64
62 81
63 64
64 65
64 66
64 67
64 68
64 69
64 88
64 89
68 70
68 71
68 72
68 73
68 75
68 94
74 99
76 81
77 81
78 81
79 81
80 81
81 82
81 83
81 84
81 85
81 93
91 96
92 96
95 99
0 44
1 44
2 44
3 36
4 44
5 44
6 35
7 44
8 35
9 44
10 44
11 44
12 44
13 44
14 35
15 36
16 36
17 44
18 99
19 44
20 36
21 36
22 44
23 44
24 35
25 44
26 44
27 44
28 44
29 44
30 44
31 44
32 33
33 44
33 45
33 48
33 83
33 89
33 93
33 94
33 99
34 35
35 37
35 38
35 39
35 42
35 44
35 51
35 52
35 53
35 59
35 61
35 63
35 67
35 69
35 73
35 80
35 84
35 85
35 87
35 88
35 91
35 92
36 40
36 41
36 44
36 46
36 58
36 64
36 68
36 71
36 79
36 81
43 44
44 47
44 49
44 54
44 55
44 56
44 57
44 60
44 62
44 65
44 66
44 70
44 72
44 74
44 75
44 76
44 77
44 78
44 82
44 86
44 90
44 95
44 96
44 97
44 98
50 99
89 99
0 92
1 12
1 29
1 37
1 40
1 53
1 58
1 73
1 84
1 96
1 98
2 57
3 57
4 57
5 92
6 47
7 99
8 84
9 53
10 17
11 13
11 17
11 18
11 23
11 43
11 78
14 53
15 99
16 53
17 21
17 41
17 44
17 47
17 64
17 69
19 47
20 99
22 47
24 92
25 92
26 53
27 57
28 53
30 99
31 53
32 53
33 99
34 84
35 86
36 99
38 53
39 53
42 84
45 47
46 57
47 50
47 51
47 52
47 53
47 71
47 77
47 87
47 89
47 92
47 99
48 53
49 53
53 54
53 61
53 66
53 67
53 70
53 74
53 75
53 76
53 81
53 86
55 62
56 62
57 59
57 60
57 62
57 97
57 99
62 68
62 72
62 95
63 99
65 92
79 99
80 99
82 99
83 92
85 99
88 92
90 92
91 92
92 93
92 94
94 99
0 89
1 89
2 84
3 6
3 15
3 17
3 20
3 46
3 58
3 62
3 89
3 93
4 18
5 89
7 39
8 39
9 89
10 89
11 66
12 39
13 66
14 84
16 89
18 19
18 21
18 32
18 39
18 42
18 48
18 52
18 55
18 61
18 63
18 66
18 78
18 80
18 84
18 86
18 91
18 92
22 89
23 39
24 89
25 84
26 89
27 84
28 84
29 89
30 89
31 89
33 89
34 89
35 84
36 89
37 39
38 89
39 40
39 44
39 49
39 60
39 65
39 71
39 96
39 97
41 66
43 89
45 84
47 89
50 84
51 84
53 84
54 84
56 89
57 89
59 89
64 89
66 81
67 89
68 84
69 84
70 89
72 84
73 89
74 89
75 89
76 84
77 84
79 89
82 84
83 89
84 87
84 88
84 89
84 94
84 98
85 89
89 90
89 95
89 99
